<?xml version="1.0" encoding="UTF-8"?>
<!-- Generated by org.testng.reporters.JUnitReportReporter -->
<testsuite skipped="0" hostname="DESKTOP-3DE3ISK" name="pomTests.prodcatsearchtest" tests="1" failures="0" timestamp="2020-06-15T10:27:54 PDT" time="79.884" errors="0">
  <testcase name="CatSearch" time="79.884" classname="pomTests.prodcatsearchtest"/>
  <system-out>
Ebay product searched in catagory is successfull,true  </system-out>
</testsuite> <!-- pomTests.prodcatsearchtest -->
