<?xml version="1.0" encoding="UTF-8"?>
<!-- Generated by org.testng.reporters.JUnitReportReporter -->
<testsuite skipped="0" hostname="DESKTOP-3DE3ISK" name="keywordDrivenFrameworkDemos.MyTest" tests="1" failures="0" timestamp="2020-07-10T22:19:54 PDT" time="44.590" errors="0">
  <testcase name="SampleTest" time="44.590" classname="keywordDrivenFrameworkDemos.MyTest"/>
  <system-out/>
</testsuite> <!-- keywordDrivenFrameworkDemos.MyTest -->
