<?xml version="1.0" encoding="UTF-8"?>
<!-- Generated by org.testng.reporters.JUnitReportReporter -->
<testsuite skipped="0" hostname="DESKTOP-3DE3ISK" name="myDemo1.myTest1" tests="1" failures="0" timestamp="2020-06-14T10:11:05 PDT" time="36.414" errors="0">
  <testcase name="Search" time="36.414" classname="myDemo1.myTest1"/>
  <system-out>
Ebay searched is successfull,true  </system-out>
</testsuite> <!-- myDemo1.myTest1 -->
