<?xml version="1.0" encoding="UTF-8"?>
<!-- Generated by org.testng.reporters.JUnitReportReporter -->
<testsuite skipped="0" hostname="DESKTOP-3DE3ISK" name="DataDrivenFrameworkDemos.DDFDBTest" tests="3" failures="0" timestamp="2020-07-13T22:53:44 PDT" time="184.379" errors="0">
  <testcase name="CatSearch" time="42.486" classname="DataDrivenFrameworkDemos.DDFDBTest"/>
  <system-out>
'Selenium'ProductSearch in'Books' Category Test is Successfull  </system-out>
  <testcase name="CatSearch" time="112.137" classname="DataDrivenFrameworkDemos.DDFDBTest"/>
  <system-out>
'Sony'ProductSearch in'Cameras & Photo' Category Test is Successfull  </system-out>
  <testcase name="CatSearch" time="29.756" classname="DataDrivenFrameworkDemos.DDFDBTest"/>
  <system-out>
'English'ProductSearch in'Music' Category Test is Successfull  </system-out>
</testsuite> <!-- DataDrivenFrameworkDemos.DDFDBTest -->
