<?xml version="1.0" encoding="UTF-8"?>
<!-- Generated by org.testng.reporters.JUnitReportReporter -->
<testsuite skipped="0" hostname="DESKTOP-3DE3ISK" name="hybridFrameworkDemos.HybridprodcatsearchTeat" tests="2" failures="0" timestamp="2020-07-10T15:08:57 PDT" time="121.604" errors="0">
  <testcase name="CatSearch" time="57.448" classname="hybridFrameworkDemos.HybridprodcatsearchTeat"/>
  <system-out>
'Selenium' product searched in 'Books' category test  is successfull....  </system-out>
  <testcase name="CatSearch" time="64.156" classname="hybridFrameworkDemos.HybridprodcatsearchTeat"/>
  <system-out>
'English' product searched in 'Music' category test  is successfull....  </system-out>
</testsuite> <!-- hybridFrameworkDemos.HybridprodcatsearchTeat -->
