<?xml version="1.0" encoding="UTF-8"?>
<!-- Generated by org.testng.reporters.JUnitReportReporter -->
<testsuite skipped="0" hostname="DESKTOP-3DE3ISK" name="pomTests.Pomprodsearchtest" tests="1" failures="0" timestamp="2020-06-16T15:30:40 PDT" time="35.608" errors="0">
  <testcase name="Search" time="35.608" classname="pomTests.Pomprodsearchtest"/>
  <system-out>
Ebay searched is successfull,true  </system-out>
</testsuite> <!-- pomTests.Pomprodsearchtest -->
