<?xml version="1.0" encoding="UTF-8"?>
<!-- Generated by org.testng.reporters.JUnitReportReporter -->
<testsuite skipped="0" hostname="DESKTOP-3DE3ISK" name="DataDrivenFrameworkDemos.DDFprodsearchtest" tests="2" failures="0" timestamp="2020-07-08T17:33:16 PDT" time="111.818" errors="0">
  <testcase name="Search" time="52.627" classname="DataDrivenFrameworkDemos.DDFprodsearchtest"/>
  <system-out>
'English' product searched test  is successfull....  </system-out>
  <testcase name="Search" time="59.191" classname="DataDrivenFrameworkDemos.DDFprodsearchtest"/>
  <system-out>
'Selenium' product searched test  is successfull....  </system-out>
</testsuite> <!-- DataDrivenFrameworkDemos.DDFprodsearchtest -->
