<?xml version="1.0" encoding="UTF-8"?>
<!-- Generated by org.testng.reporters.JUnitReportReporter -->
<testsuite skipped="0" hostname="DESKTOP-3DE3ISK" name="hybridFrameworkDemos.HybridprodsearchTest" tests="2" failures="0" timestamp="2020-07-10T15:03:41 PDT" time="156.501" errors="0">
  <testcase name="Search" time="62.209" classname="hybridFrameworkDemos.HybridprodsearchTest"/>
  <system-out>
'English' product searched test  is successfull....  </system-out>
  <testcase name="Search" time="94.292" classname="hybridFrameworkDemos.HybridprodsearchTest"/>
  <system-out>
'Selenium' product searched test  is successfull....  </system-out>
</testsuite> <!-- hybridFrameworkDemos.HybridprodsearchTest -->
