<?xml version="1.0" encoding="UTF-8"?>
<!-- Generated by org.testng.reporters.JUnitReportReporter -->
<testsuite skipped="0" hostname="DESKTOP-3DE3ISK" name="pomTests.Pomcatsearchtest" tests="1" failures="0" timestamp="2020-06-21T13:06:59 PDT" time="72.301" errors="0">
  <testcase name="CatSearch" time="72.301" classname="pomTests.Pomcatsearchtest"/>
  <system-out>
Ebay searched is successfull,true  </system-out>
</testsuite> <!-- pomTests.Pomcatsearchtest -->
