<?xml version="1.0" encoding="UTF-8"?>
<!-- Generated by org.testng.reporters.JUnitReportReporter -->
<testsuite skipped="1" hostname="DESKTOP-3DE3ISK" name="DataDrivenFrameworkDemos.DDFDBTest1" tests="1" failures="0" timestamp="2020-07-13T22:40:11 PDT" time="0.000" errors="0">
  <testcase name="CatSearch" time="0.000" classname="DataDrivenFrameworkDemos.DDFDBTest1">
    <skipped/>
  </testcase> <!-- CatSearch -->
  <system-out/>
</testsuite> <!-- DataDrivenFrameworkDemos.DDFDBTest1 -->
